This is pdfTeX, Version 3.14159265-2.6-1.40.16 (TeX Live 2015) (preloaded format=pdflatex 2015.5.24)  24 APR 2018 22:58
entering extended mode
 restricted \write18 enabled.
 file:line:error style messages enabled.
 %&-line parsing enabled.
**PAPER.tex
(./PAPER.tex
LaTeX2e <2015/01/01>
Babel <3.9l> and hyphenation patterns for 79 languages loaded.
(./aastex6.cls

LaTeX Warning: You have requested document class `aastex6',
               but the document class provides `aastex'.

Document Class: aastex 2016/02/16 1.0/AAS markup document class
Class aastex Info: 
 
 Original \LaTeX2.09 style by Chris Biemesderfer (chris@seagoat.com). 
 Adapted to \LaTeXe by A. Ogawa (ogawa@teleport.com)
 emulateapj.cls included, Copyright 2000-2015 Alexey Vikhlinin 
 Rewrite and update of emulateapj.cls, revised and enhanced with table macros, 
gridlines, draft watermark,
 ORCID identifier and more, by Amy Hendrickson,
 (amyh@texnology.com, http://www.texnology.com) 
 
  on input line 106.
\bibbaselineskip=\skip41
(/usr/local/texlive/2015/texmf-dist/tex/latex/lineno/lineno.sty
Package: lineno 2005/11/02 line numbers on paragraphs v4.41
\linenopenalty=\count79
\output=\toks14
\linenoprevgraf=\count80
\linenumbersep=\dimen102
\linenumberwidth=\dimen103
\c@linenumber=\count81
\c@pagewiselinenumber=\count82
\c@LN@truepage=\count83
\c@internallinenumber=\count84
\c@internallinenumbers=\count85
\quotelinenumbersep=\dimen104
\bframerule=\dimen105
\bframesep=\dimen106
\bframebox=\box26
LaTeX Info: Redefining \\ on input line 3056.
)
(/usr/local/texlive/2015/texmf-dist/tex/latex/revtex/revtex4-1.cls
Document Class: revtex4-1 2010/07/25/20:33:00 4.1r (http://publish.aps.org/revt
ex4/ for documentation)
 Copyright (c) 2009 The American Physical Society.
 mailto:revtex@aps.org
 Licensed under the LPPL:
http://www.ctan.org/tex-archive/macros/latex/base/lppl.txt
 Arthur Ogawa <arthur_ogawa at sbcglobal dot net>
 Based on work by David Carlisle <david at dcarlisle.demon.co.uk>.
ltxutil[2010/07/25/20:33:00 4.1r utilities package (portions licensed from W. E
. Baxter web at superscript.com)]
LaTeX Info: Redefining \@centercr on input line 308.
Class revtex4-1 Info: Repairing hyperref-unfriendly LaTeX definition of \mpfoot
note on input line 433.
Class revtex4-1 Info: Repairing broken LateX \@sect on input line 755.
\intertabularlinepenalty=\count86
\@tbpen=\count87
\@arstrutbox@hline=\box27
Class revtex4-1 Info: Repairing broken LaTeX \@xbitor on input line 1786.
Class revtex4-1 Info: Making \typeout \long on input line 2046.
ltxfront[2010/07/25/20:33:00 4.1r frontmatter package (AO,DPC)]
\c@affil=\count88
\c@collab=\count89
\absbox=\box28
ltxgrid[2010/07/25/20:33:00 4.1r page grid package (portions licensed from W. E
. Baxter web at superscript.com)]
\c@linecount=\count90
\output@latex=\toks15
\box@size@1=\box29
\box@size@2=\box30
\@protection@box=\box31
\@topmark@saved=\toks16
\footins@saved=\box32
\footins@recovered=\box33
\column@recovered=\box34
\pagesofar=\box35
\footsofar=\box36
\pagegrid@col=\count91

Class revtex4-1 Warning: Failed to recognize \@vspace, \@vspacer, \@no@pgbk, \@
newline, and \\; no patches applied. Please get a more up-to-date class, .

\c@part=\count92
\c@section=\count93
\c@subsection=\count94
\c@subsubsection=\count95
\c@paragraph=\count96
\c@subparagraph=\count97
\abovecaptionskip=\skip42
\belowcaptionskip=\skip43
\c@figure=\count98
\fbox@1=\box37
\c@table=\count99
\fbox@2=\box38
\c@video=\count100
\fbox@4=\box39
\@bibdataout=\write3
\widetext@top=\box40
\widetext@bot=\box41
Class revtex4-1 Info: Selecting society aps on input line 7542.
(/usr/local/texlive/2015/texmf-dist/tex/latex/revtex/aps4-1.rtx
File: aps4-1 2010/07/25/20:33:00 4.1r (http://publish.aps.org/revtex4/ for docu
mentation)
Class revtex4-1 Info: RevTeX society APS selected on input line 31.
)
Class revtex4-1 Info: Selecting journal pra on input line 7544.
Class revtex4-1 Info: APS journal PRA selected on input line 7545.

(/usr/local/texlive/2015/texmf-dist/tex/latex/revtex/aps10pt4-1.rtx
File: aps10pt4-1 2010/07/25/20:33:00 4.1r (http://publish.aps.org/revtex4/ for 
documentation)
Class revtex4-1 Info: RevTeX pointsize 10pt selected on input line 30.
)
(/usr/local/texlive/2015/texmf-dist/tex/latex/textcase/textcase.sty
Package: textcase 2004/10/07 v0.07 Text only upper/lower case changing (DPC)
)
(/usr/local/texlive/2015/texmf-dist/tex/latex/url/url.sty
\Urlmuskip=\muskip10
Package: url 2013/09/16  ver 3.4  Verb mode for urls, etc.
)
(/usr/local/texlive/2015/texmf-dist/tex/latex/natbib/natbib.sty
Package: natbib 2010/09/13 8.31b (PWD, AO)
\bibhang=\skip44
\bibsep=\skip45
LaTeX Info: Redefining \cite on input line 694.
\c@NAT@ctr=\count101
)
Class revtex4-1 Info: Repairing natbib's \BibitemShut on input line 7549.

(/usr/local/texlive/2015/texmf-dist/tex/latex/revtex/revsymb4-1.sty
Package: revsymb4-1 2010/07/25/20:33:00 4.1r (http://publish.aps.org/revtex4/ f
or documentation)
LaTeX Info: Redefining \REV@mathfrak on input line 119.
))
(/usr/local/texlive/2015/texmf-dist/tex/latex/base/latexsym.sty
Package: latexsym 1998/08/17 v2.2e Standard LaTeX package (lasy symbols)
\symlasy=\mathgroup4
LaTeX Font Info:    Overwriting symbol font `lasy' in version `bold'
(Font)                  U/lasy/m/n --> U/lasy/b/n on input line 52.
)
(/usr/local/texlive/2015/texmf-dist/tex/latex/graphics/graphicx.sty
Package: graphicx 2014/10/28 v1.0g Enhanced LaTeX Graphics (DPC,SPQR)

(/usr/local/texlive/2015/texmf-dist/tex/latex/graphics/keyval.sty
Package: keyval 2014/10/28 v1.15 key=value parser (DPC)
\KV@toks@=\toks17
)
(/usr/local/texlive/2015/texmf-dist/tex/latex/graphics/graphics.sty
Package: graphics 2014/10/28 v1.0p Standard LaTeX Graphics (DPC,SPQR)

(/usr/local/texlive/2015/texmf-dist/tex/latex/graphics/trig.sty
Package: trig 1999/03/16 v1.09 sin cos tan (DPC)
)
(/usr/local/texlive/2015/texmf-dist/tex/latex/latexconfig/graphics.cfg
File: graphics.cfg 2010/04/23 v1.9 graphics configuration of TeX Live
)
Package graphics Info: Driver file: pdftex.def on input line 94.

(/usr/local/texlive/2015/texmf-dist/tex/latex/pdftex-def/pdftex.def
File: pdftex.def 2011/05/27 v0.06d Graphics/color for pdfTeX

(/usr/local/texlive/2015/texmf-dist/tex/generic/oberdiek/infwarerr.sty
Package: infwarerr 2010/04/08 v1.3 Providing info/warning/error messages (HO)
)
(/usr/local/texlive/2015/texmf-dist/tex/generic/oberdiek/ltxcmds.sty
Package: ltxcmds 2011/11/09 v1.22 LaTeX kernel commands for general use (HO)
)
\Gread@gobject=\count102
))
\Gin@req@height=\dimen107
\Gin@req@width=\dimen108
)
(/usr/local/texlive/2015/texmf-dist/tex/latex/amsfonts/amssymb.sty
Package: amssymb 2013/01/14 v3.01 AMS font symbols

(/usr/local/texlive/2015/texmf-dist/tex/latex/amsfonts/amsfonts.sty
Package: amsfonts 2013/01/14 v3.01 Basic AMSFonts support
\@emptytoks=\toks18
\symAMSa=\mathgroup5
\symAMSb=\mathgroup6
LaTeX Font Info:    Overwriting math alphabet `\mathfrak' in version `bold'
(Font)                  U/euf/m/n --> U/euf/b/n on input line 106.
LaTeX Info: Redefining \frak on input line 111.
LaTeX Info: Redefining \Bbb on input line 113.
))
(/usr/local/texlive/2015/texmf-dist/tex/generic/epsf/epsf.sty
This is `epsf.tex' v2.7.4 <14 February 2011>
\epsffilein=\read1
\epsfframemargin=\dimen109
\epsfframethickness=\dimen110
\epsfrsize=\dimen111
\epsftmp=\dimen112
\epsftsize=\dimen113
\epsfxsize=\dimen114
\epsfysize=\dimen115
\pspoints=\dimen116
)
\fncount=\count103
\endfncount=\count104
\c@front@matter@foot@note=\count105
\alt@affil@toks=\toks19
\alt@affil@toks@count=\toks20
\keys@width=\skip46
\c@lastfootnote=\count106
\c@remember@figure@num=\count107
\c@remember@table@num=\count108
\bibindent=\dimen117
\plot@width=\skip47
\c@table@save=\count109
\@abovenoteskip=\dimen118
\table@note@skip=\skip48
\deluxe@table@width=\skip49
\@d@t@a=\skip50
\c@deluxe@table@num=\count110
\LTcapwidth=\dimen119
\abovedeluxetableskip=\skip51
\belowdeluxetableskip=\skip52
\lastrowheight=\dimen120
\DT@p@ftn=\toks21
\pt@column=\count111
\pt@ncol=\count112
 (/usr/local/texlive/2015/texmf-dist/tex/latex/tools/longtable.sty
Package: longtable 2014/10/28 v4.11 Multi-page Table package (DPC)
\LTleft=\skip53
\LTright=\skip54
\LTpre=\skip55
\LTpost=\skip56
\LTchunksize=\count113
\LTcapwidth=\dimen121
\LT@head=\box42
\LT@firsthead=\box43
\LT@foot=\box44
\LT@lastfoot=\box45
\LT@cols=\count114
\LT@rows=\count115
\c@LT@tables=\count116
\c@LT@chunks=\count117
\LT@p@ftn=\toks22
)
(/usr/local/texlive/2015/texmf-dist/tex/latex/hyperref/hyperref.sty
Package: hyperref 2012/11/06 v6.83m Hypertext links for LaTeX

(/usr/local/texlive/2015/texmf-dist/tex/generic/oberdiek/hobsub-hyperref.sty
Package: hobsub-hyperref 2012/05/28 v1.13 Bundle oberdiek, subset hyperref (HO)


(/usr/local/texlive/2015/texmf-dist/tex/generic/oberdiek/hobsub-generic.sty
Package: hobsub-generic 2012/05/28 v1.13 Bundle oberdiek, subset generic (HO)
Package: hobsub 2012/05/28 v1.13 Construct package bundles (HO)
Package hobsub Info: Skipping package `infwarerr' (already loaded).
Package hobsub Info: Skipping package `ltxcmds' (already loaded).
Package: ifluatex 2010/03/01 v1.3 Provides the ifluatex switch (HO)
Package ifluatex Info: LuaTeX not detected.
Package: ifvtex 2010/03/01 v1.5 Detect VTeX and its facilities (HO)
Package ifvtex Info: VTeX not detected.
Package: intcalc 2007/09/27 v1.1 Expandable calculations with integers (HO)
Package: ifpdf 2011/01/30 v2.3 Provides the ifpdf switch (HO)
Package ifpdf Info: pdfTeX in PDF mode is detected.
Package: etexcmds 2011/02/16 v1.5 Avoid name clashes with e-TeX commands (HO)
Package etexcmds Info: Could not find \expanded.
(etexcmds)             That can mean that you are not using pdfTeX 1.50 or
(etexcmds)             that some package has redefined \expanded.
(etexcmds)             In the latter case, load this package earlier.
Package: kvsetkeys 2012/04/25 v1.16 Key value parser (HO)
Package: kvdefinekeys 2011/04/07 v1.3 Define keys (HO)
Package: pdftexcmds 2011/11/29 v0.20 Utility functions of pdfTeX for LuaTeX (HO
)
Package pdftexcmds Info: LuaTeX not detected.
Package pdftexcmds Info: \pdf@primitive is available.
Package pdftexcmds Info: \pdf@ifprimitive is available.
Package pdftexcmds Info: \pdfdraftmode found.
Package: pdfescape 2011/11/25 v1.13 Implements pdfTeX's escape features (HO)
Package: bigintcalc 2012/04/08 v1.3 Expandable calculations on big integers (HO
)
Package: bitset 2011/01/30 v1.1 Handle bit-vector datatype (HO)
Package: uniquecounter 2011/01/30 v1.2 Provide unlimited unique counter (HO)
)
Package hobsub Info: Skipping package `hobsub' (already loaded).
Package: letltxmacro 2010/09/02 v1.4 Let assignment for LaTeX macros (HO)
Package: hopatch 2012/05/28 v1.2 Wrapper for package hooks (HO)
Package: xcolor-patch 2011/01/30 xcolor patch
Package: atveryend 2011/06/30 v1.8 Hooks at the very end of document (HO)
Package: atbegshi 2011/10/05 v1.16 At begin shipout hook (HO)
Package: refcount 2011/10/16 v3.4 Data extraction from label references (HO)
Package: hycolor 2011/01/30 v1.7 Color options for hyperref/bookmark (HO)
)
(/usr/local/texlive/2015/texmf-dist/tex/generic/ifxetex/ifxetex.sty
Package: ifxetex 2010/09/12 v0.6 Provides ifxetex conditional
)
(/usr/local/texlive/2015/texmf-dist/tex/latex/oberdiek/auxhook.sty
Package: auxhook 2011/03/04 v1.3 Hooks for auxiliary files (HO)
)
(/usr/local/texlive/2015/texmf-dist/tex/latex/oberdiek/kvoptions.sty
Package: kvoptions 2011/06/30 v3.11 Key value format for package options (HO)
)
\@linkdim=\dimen122
\Hy@linkcounter=\count118
\Hy@pagecounter=\count119

(/usr/local/texlive/2015/texmf-dist/tex/latex/hyperref/pd1enc.def
File: pd1enc.def 2012/11/06 v6.83m Hyperref: PDFDocEncoding definition (HO)
)
\Hy@SavedSpaceFactor=\count120

(/usr/local/texlive/2015/texmf-dist/tex/latex/latexconfig/hyperref.cfg
File: hyperref.cfg 2002/06/06 v1.2 hyperref configuration of TeXLive
)
Package hyperref Info: Option `bookmarks' set `false' on input line 4319.
Package hyperref Info: Option `pdfnewwindow' set `true' on input line 4319.
Package hyperref Info: Option `colorlinks' set `true' on input line 4319.
Package hyperref Info: Hyper figures OFF on input line 4443.
Package hyperref Info: Link nesting OFF on input line 4448.
Package hyperref Info: Hyper index ON on input line 4451.
Package hyperref Info: Plain pages OFF on input line 4458.
Package hyperref Info: Backreferencing OFF on input line 4463.
Package hyperref Info: Implicit mode ON; LaTeX internals redefined.
Package hyperref Info: Bookmarks OFF on input line 4694.
LaTeX Info: Redefining \href on input line 4952.
\c@Hy@tempcnt=\count121
LaTeX Info: Redefining \url on input line 5041.
\XeTeXLinkMargin=\dimen123
\Fld@menulength=\count122
\Field@Width=\dimen124
\Fld@charsize=\dimen125
Package hyperref Info: Hyper figures OFF on input line 6295.
Package hyperref Info: Link nesting OFF on input line 6300.
Package hyperref Info: Hyper index ON on input line 6303.
Package hyperref Info: backreferencing OFF on input line 6310.
Package hyperref Info: Link coloring ON on input line 6313.
Package hyperref Info: Link coloring with OCG OFF on input line 6320.
Package hyperref Info: PDF/A mode OFF on input line 6325.
LaTeX Info: Redefining \ref on input line 6365.
LaTeX Info: Redefining \pageref on input line 6369.
\Hy@abspage=\count123
\c@Item=\count124
\c@Hfootnote=\count125
)

Package hyperref Message: Driver (autodetected): hpdftex.

(/usr/local/texlive/2015/texmf-dist/tex/latex/hyperref/hpdftex.def
File: hpdftex.def 2012/11/06 v6.83m Hyperref driver for pdfTeX
\Fld@listcount=\count126
\c@bookmark@seq@number=\count127

(/usr/local/texlive/2015/texmf-dist/tex/latex/oberdiek/rerunfilecheck.sty
Package: rerunfilecheck 2011/04/15 v1.7 Rerun checks for auxiliary files (HO)
Package uniquecounter Info: New unique counter `rerunfilecheck' on input line 2
82.
)
\Hy@SectionHShift=\skip57
)
(/usr/local/texlive/2015/texmf-dist/tex/latex/xcolor/xcolor.sty
Package: xcolor 2007/01/21 v2.11 LaTeX color extensions (UK)

(/usr/local/texlive/2015/texmf-dist/tex/latex/latexconfig/color.cfg
File: color.cfg 2007/01/18 v1.5 color configuration of teTeX/TeXLive
)
Package xcolor Info: Driver file: pdftex.def on input line 225.
Package xcolor Info: Model `cmy' substituted by `cmy0' on input line 1337.
Package xcolor Info: Model `hsb' substituted by `rgb' on input line 1341.
Package xcolor Info: Model `RGB' extended on input line 1353.
Package xcolor Info: Model `HTML' substituted by `rgb' on input line 1355.
Package xcolor Info: Model `Hsb' substituted by `hsb' on input line 1356.
Package xcolor Info: Model `tHsb' substituted by `hsb' on input line 1357.
Package xcolor Info: Model `HSB' substituted by `hsb' on input line 1358.
Package xcolor Info: Model `Gray' substituted by `gray' on input line 1359.
Package xcolor Info: Model `wave' substituted by `hsb' on input line 1360.
)
(/usr/local/texlive/2015/texmf-dist/tex/latex/tools/array.sty
Package: array 2014/10/28 v2.4c Tabular extension package (FMi)
\col@sep=\dimen126
\extrarowheight=\dimen127
\NC@list=\toks23
\extratabsurround=\skip58
\backup@length=\skip59
)
\colcount=\count128
\firstcolcount=\count129
\secondcolcount=\count130
\thirdcolcount=\count131
\columncount=\count132
\howmanyDs=\count133
\firsthowmanyDs=\count134
\secondhowmanyDs=\count135
\PartsOfTable=\count136
\columnoneandtwo=\count137
\colnumsused=\count138
\loopnum=\count139
\totalcolumncount=\count140
\totalcolumns=\count141
\firsttablebox=\box46
\secondtablebox=\box47
\thirdtablebox=\box48
\longtablebox=\box49
\splitbox=\box50
\maxtablewidth=\dimen128
\savetabskip=\dimen129
\tempcounter=\count142
\colheadcount=\count143
\rotatingbox=\box51
\colorcount=\count144
\refchangenumber=\count145
\listchangenum=\count146

(/usr/local/texlive/2015/texmf-dist/tex/generic/ulem/ulem.sty
\UL@box=\box52
\UL@hyphenbox=\box53
\UL@skip=\skip60
\UL@hook=\toks24
\UL@height=\dimen130
\UL@pe=\count147
\UL@pixel=\dimen131
\ULC@box=\box54
Package: ulem 2012/05/18
\ULdepth=\dimen132
)
\AuthorCallLimit=\count148
\authorcount=\count149
\endauthorcount=\count150
\affilnum=\count151
\curraffilnum=\count152
\tempaffilnum=\count153
\affilcount=\count154
)
(/usr/local/texlive/2015/texmf-dist/tex/latex/amsmath/amsmath.sty
Package: amsmath 2013/01/14 v2.14 AMS math features
\@mathmargin=\skip61

For additional information on amsmath, use the `?' option.
(/usr/local/texlive/2015/texmf-dist/tex/latex/amsmath/amstext.sty
Package: amstext 2000/06/29 v2.01

(/usr/local/texlive/2015/texmf-dist/tex/latex/amsmath/amsgen.sty
File: amsgen.sty 1999/11/30 v2.0
\@emptytoks=\toks25
\ex@=\dimen133
)
LaTeX Info: Redefining \text on input line 39.
)
(/usr/local/texlive/2015/texmf-dist/tex/latex/amsmath/amsbsy.sty
Package: amsbsy 1999/11/29 v1.2d
\pmbraise@=\dimen134
)
(/usr/local/texlive/2015/texmf-dist/tex/latex/amsmath/amsopn.sty
Package: amsopn 1999/12/14 v2.01 operator names
)
\inf@bad=\count155
LaTeX Info: Redefining \frac on input line 210.
\uproot@=\count156
\leftroot@=\count157
LaTeX Info: Redefining \overline on input line 306.
\classnum@=\count158
\DOTSCASE@=\count159
LaTeX Info: Redefining \ldots on input line 378.
LaTeX Info: Redefining \dots on input line 381.
LaTeX Info: Redefining \cdots on input line 466.
\Mathstrutbox@=\box55
\strutbox@=\box56
\big@size=\dimen135
LaTeX Font Info:    Redeclaring font encoding OML on input line 566.
LaTeX Font Info:    Redeclaring font encoding OMS on input line 567.
\macc@depth=\count160
\c@MaxMatrixCols=\count161
\dotsspace@=\muskip11
\c@parentequation=\count162
\dspbrk@lvl=\count163
\tag@help=\toks26
\row@=\count164
\column@=\count165
\maxfields@=\count166
\andhelp@=\toks27
\eqnshift@=\dimen136
\alignsep@=\dimen137
\tagshift@=\dimen138
\tagwidth@=\dimen139
\totwidth@=\dimen140
\lineht@=\dimen141
\@envbody=\toks28
\multlinegap=\skip62
\multlinetaggap=\skip63
\mathdisplay@stack=\toks29
LaTeX Info: Redefining \[ on input line 2665.
LaTeX Info: Redefining \] on input line 2666.
)
(/usr/local/texlive/2015/texmf-dist/tex/latex/rotating/rotating.sty
Package: rotating 2009/03/28 v2.16a rotated objects in LaTeX

(/usr/local/texlive/2015/texmf-dist/tex/latex/base/ifthen.sty
Package: ifthen 2014/09/29 v1.1c Standard LaTeX ifthen package (DPC)
)
\c@r@tfl@t=\count167
\rotFPtop=\skip64
\rotFPbot=\skip65
\rot@float@box=\box57
\rot@mess@toks=\toks30
)
(/usr/local/texlive/2015/texmf-dist/tex/latex/ctable/ctable.sty
Package: ctable 2014/04/25 v1.29 ctable package for \ flexible typesetting of t
able and figure floats using key/value directives

(/usr/local/texlive/2015/texmf-dist/tex/latex/xkeyval/xkeyval.sty
Package: xkeyval 2014/12/03 v2.7a package option processing (HA)

(/usr/local/texlive/2015/texmf-dist/tex/generic/xkeyval/xkeyval.tex
(/usr/local/texlive/2015/texmf-dist/tex/generic/xkeyval/xkvutils.tex
\XKV@toks=\toks31
\XKV@tempa@toks=\toks32
)
\XKV@depth=\count168
File: xkeyval.tex 2014/12/03 v2.7a key=value parser (HA)
))
(/usr/local/texlive/2015/texmf-dist/tex/latex/tools/tabularx.sty
Package: tabularx 2014/10/28 v2.10 `tabularx' package (DPC)
\TX@col@width=\dimen142
\TX@old@table=\dimen143
\TX@old@col=\dimen144
\TX@target=\dimen145
\TX@delta=\dimen146
\TX@cols=\count169
\TX@ftn=\toks33
)
(/usr/local/texlive/2015/texmf-dist/tex/latex/booktabs/booktabs.sty
Package: booktabs 2005/04/14 v1.61803 publication quality tables
\heavyrulewidth=\dimen147
\lightrulewidth=\dimen148
\cmidrulewidth=\dimen149
\belowrulesep=\dimen150
\belowbottomsep=\dimen151
\aboverulesep=\dimen152
\abovetopsep=\dimen153
\cmidrulesep=\dimen154
\cmidrulekern=\dimen155
\defaultaddspace=\dimen156
\@cmidla=\count170
\@cmidlb=\count171
\@aboverulesep=\dimen157
\@belowrulesep=\dimen158
\@thisruleclass=\count172
\@lastruleclass=\count173
\@thisrulewidth=\dimen159
)
(/usr/local/texlive/2015/texmf-dist/tex/latex/oberdiek/transparent.sty
Package: transparent 2007/01/08 v1.0 Transparency via pdfTeX's color stack (HO)

)
\@ctblframesep=\dimen160
\@defaultctblframesep=\dimen161
\@ctblframerule=\dimen162
\@defaultctblframerule=\dimen163
\@ctblwidth=\dimen164
\@defaultctblwidth=\dimen165
\@ctblcaptionskip=\dimen166
\@defaultctblcaptionskip=\dimen167
\@ctblmaxwidth=\dimen168
\@defaultctblmaxwidth=\dimen169
\@ctblmincapwidth=\dimen170
\@defaultctblmincapwidth=\dimen171
\@ctblfooterwidth=\dimen172
\@defaultctblfooterwidth=\dimen173
\@ctblw=\dimen174
\@ctblfloatwidth=\dimen175
\@ctbloldsep=\dimen176
\@ctbloldrule=\dimen177
\ctbl@t=\box58
\@ctblcurftwidth=\dimen178
)
(/usr/local/texlive/2015/texmf-dist/tex/latex/comment/comment.sty
\CommentStream=\write4

Excluding comment 'comment')
(/usr/local/texlive/2015/texmf-dist/tex/latex/l3packages/xparse/xparse.sty
(/usr/local/texlive/2015/texmf-dist/tex/latex/l3kernel/expl3.sty
Package: expl3 2015/03/01 v5547 L3 programming layer (loader) 

(/usr/local/texlive/2015/texmf-dist/tex/latex/l3kernel/expl3-code.tex
Package: expl3 2015/03/01 v5547 L3 programming layer (code) 
L3 Module: l3bootstrap 2015/02/28 v5542 L3 Bootstrap code
L3 Module: l3names 2015/02/24 v5535 L3 Namespace for primitives
L3 Module: l3basics 2015/01/27 v5500 L3 Basic definitions
L3 Module: l3expan 2014/11/27 v5472 L3 Argument expansion
L3 Module: l3tl 2015/01/27 v5500 L3 Token lists
L3 Module: l3str 2015/03/01 v5545 L3 Strings
L3 Module: l3seq 2014/08/23 v5354 L3 Sequences and stacks
L3 Module: l3int 2015/02/21 v5529 L3 Integers
\c_max_int=\count174
\l_tmpa_int=\count175
\l_tmpb_int=\count176
\g_tmpa_int=\count177
\g_tmpb_int=\count178
L3 Module: l3quark 2014/08/23 v5354 L3 Quarks
L3 Module: l3prg 2014/08/23 v5354 L3 Control structures
\g__prg_map_int=\count179
L3 Module: l3clist 2014/08/23 v5354 L3 Comma separated lists
L3 Module: l3token 2014/09/15 v5422 L3 Experimental token manipulation
L3 Module: l3prop 2014/08/23 v5354 L3 Property lists
L3 Module: l3msg 2015/02/26 v5537 L3 Messages
L3 Module: l3file 2014/08/24 v5369 L3 File and I/O operations
\l_iow_line_count_int=\count180
\l__iow_target_count_int=\count181
\l__iow_current_line_int=\count182
\l__iow_current_word_int=\count183
\l__iow_current_indentation_int=\count184
L3 Module: l3skip 2014/08/23 v5354 L3 Dimensions and skips
\c_zero_dim=\dimen179
\c_max_dim=\dimen180
\l_tmpa_dim=\dimen181
\l_tmpb_dim=\dimen182
\g_tmpa_dim=\dimen183
\g_tmpb_dim=\dimen184
\c_zero_skip=\skip66
\c_max_skip=\skip67
\l_tmpa_skip=\skip68
\l_tmpb_skip=\skip69
\g_tmpa_skip=\skip70
\g_tmpb_skip=\skip71
\c_zero_muskip=\muskip12
\c_max_muskip=\muskip13
\l_tmpa_muskip=\muskip14
\l_tmpb_muskip=\muskip15
\g_tmpa_muskip=\muskip16
\g_tmpb_muskip=\muskip17
L3 Module: l3keys 2015/01/27 v5500 L3 Key-value interfaces
\g__keyval_level_int=\count185
\l_keys_choice_int=\count186
L3 Module: l3fp 2014/08/22 v5336 L3 Floating points
\c__fp_leading_shift_int=\count187
\c__fp_middle_shift_int=\count188
\c__fp_trailing_shift_int=\count189
\c__fp_big_leading_shift_int=\count190
\c__fp_big_middle_shift_int=\count191
\c__fp_big_trailing_shift_int=\count192
\c__fp_Bigg_leading_shift_int=\count193
\c__fp_Bigg_middle_shift_int=\count194
\c__fp_Bigg_trailing_shift_int=\count195
L3 Module: l3box 2014/08/23 v5354 L3 Experimental boxes
\c_empty_box=\box59
\l_tmpa_box=\box60
\l_tmpb_box=\box61
\g_tmpa_box=\box62
\g_tmpb_box=\box63
L3 Module: l3coffins 2014/08/23 v5354 L3 Coffin code layer
\l__coffin_internal_box=\box64
\l__coffin_internal_dim=\dimen185
\l__coffin_offset_x_dim=\dimen186
\l__coffin_offset_y_dim=\dimen187
\l__coffin_x_dim=\dimen188
\l__coffin_y_dim=\dimen189
\l__coffin_x_prime_dim=\dimen190
\l__coffin_y_prime_dim=\dimen191
\c_empty_coffin=\box65
\l__coffin_aligned_coffin=\box66
\l__coffin_aligned_internal_coffin=\box67
\l_tmpa_coffin=\box68
\l_tmpb_coffin=\box69
\l__coffin_display_coffin=\box70
\l__coffin_display_coord_coffin=\box71
\l__coffin_display_pole_coffin=\box72
\l__coffin_display_offset_dim=\dimen192
\l__coffin_display_x_dim=\dimen193
\l__coffin_display_y_dim=\dimen194
L3 Module: l3color 2014/08/23 v5354 L3 Experimental color support
L3 Module: l3candidates 2015/03/01 v5544 L3 Experimental additions to l3kernel
\l__box_top_dim=\dimen195
\l__box_bottom_dim=\dimen196
\l__box_left_dim=\dimen197
\l__box_right_dim=\dimen198
\l__box_top_new_dim=\dimen199
\l__box_bottom_new_dim=\dimen200
\l__box_left_new_dim=\dimen201
\l__box_right_new_dim=\dimen202
\l__box_internal_box=\box73
\l__coffin_bounding_shift_dim=\dimen203
\l__coffin_left_corner_dim=\dimen204
\l__coffin_right_corner_dim=\dimen205
\l__coffin_bottom_corner_dim=\dimen206
\l__coffin_top_corner_dim=\dimen207
\l__coffin_scaled_total_height_dim=\dimen208
\l__coffin_scaled_width_dim=\dimen209
)
(/usr/local/texlive/2015/texmf-dist/tex/latex/l3kernel/l3unicode-data.def
File: l3unicode-data.def 2015/03/01 v5544 L3 Unicode data
)
(/usr/local/texlive/2015/texmf-dist/tex/latex/l3kernel/l3pdfmode.def
File: l3pdfmode.def 2015/03/01 v5544 L3 Experimental driver: PDF mode
\l__driver_color_stack_int=\count196
))
Package: xparse 2014/11/25 v5471 L3 Experimental document command parser
\l__xparse_current_arg_int=\count197
\l__xparse_m_args_int=\count198
\l__xparse_mandatory_args_int=\count199
\l__xparse_processor_int=\count200
\l__xparse_v_nesting_int=\count201
)
.................................................
. LaTeX info: "xparse/define-command"
. 
. Defining command \evalat with sig. 'sO{\big }mm' on line 25.
.................................................
Class revtex4-1 Info: Unrecognized array package. Please update this document c
lass! (Proceeding with fingers crossed.) on input line 78.
Class revtex4-1 Info: Patching unrecognized longtable package. (Proceeding with
 fingers crossed) on input line 78.
Class revtex4-1 Info: Robustifying \LaTeX's \boldmath command on input line 78.

Class revtex4-1 Info: cite was not loaded (OK!) on input line 78.
Class revtex4-1 Info: mcite was not loaded (OK!) on input line 78.
Class revtex4-1 Info: multicol was not loaded (OK!) on input line 78.

(./PAPER.aux)
\openout1 = `PAPER.aux'.

LaTeX Font Info:    Checking defaults for OML/cmm/m/it on input line 78.
LaTeX Font Info:    ... okay on input line 78.
LaTeX Font Info:    Checking defaults for T1/cmr/m/n on input line 78.
LaTeX Font Info:    ... okay on input line 78.
LaTeX Font Info:    Checking defaults for OT1/cmr/m/n on input line 78.
LaTeX Font Info:    ... okay on input line 78.
LaTeX Font Info:    Checking defaults for OMS/cmsy/m/n on input line 78.
LaTeX Font Info:    ... okay on input line 78.
LaTeX Font Info:    Checking defaults for OMX/cmex/m/n on input line 78.
LaTeX Font Info:    ... okay on input line 78.
LaTeX Font Info:    Checking defaults for U/cmr/m/n on input line 78.
LaTeX Font Info:    ... okay on input line 78.
LaTeX Font Info:    Checking defaults for PD1/pdf/m/n on input line 78.
LaTeX Font Info:    ... okay on input line 78.

(/usr/local/texlive/2015/texmf-dist/tex/context/base/supp-pdf.mkii
[Loading MPS to PDF converter (version 2006.09.02).]
\scratchcounter=\count202
\scratchdimen=\dimen210
\scratchbox=\box74
\nofMPsegments=\count203
\nofMParguments=\count204
\everyMPshowfont=\toks34
\MPscratchCnt=\count205
\MPscratchDim=\dimen211
\MPnumerator=\count206
\makeMPintoPDFobject=\count207
\everyMPtoPDFconversion=\toks35
) (/usr/local/texlive/2015/texmf-dist/tex/latex/oberdiek/epstopdf-base.sty
Package: epstopdf-base 2010/02/09 v2.5 Base part for package epstopdf

(/usr/local/texlive/2015/texmf-dist/tex/latex/oberdiek/grfext.sty
Package: grfext 2010/08/19 v1.1 Manage graphics extensions (HO)
)
Package grfext Info: Graphics extension search list:
(grfext)             [.png,.pdf,.jpg,.mps,.jpeg,.jbig2,.jb2,.PNG,.PDF,.JPG,.JPE
G,.JBIG2,.JB2,.eps]
(grfext)             \AppendGraphicsExtensions on input line 452.

(/usr/local/texlive/2015/texmf-dist/tex/latex/latexconfig/epstopdf-sys.cfg
File: epstopdf-sys.cfg 2010/07/13 v1.3 Configuration of (r)epstopdf for TeX Liv
e
))
\AtBeginShipoutBox=\box75
Package hyperref Info: Link coloring ON on input line 78.

(/usr/local/texlive/2015/texmf-dist/tex/latex/hyperref/nameref.sty
Package: nameref 2012/10/27 v2.43 Cross-referencing by name of section

(/usr/local/texlive/2015/texmf-dist/tex/generic/oberdiek/gettitlestring.sty
Package: gettitlestring 2010/12/03 v1.4 Cleanup title references (HO)
)
\c@section@level=\count208
)
LaTeX Info: Redefining \ref on input line 78.
LaTeX Info: Redefining \pageref on input line 78.
LaTeX Info: Redefining \nameref on input line 78.
Class revtex4-1 Info: Taking \maketitle back from hyperref on input line 78.
Class revtex4-1 Info: Overriding lineo.sty, restoring output routine, on input 
line 78.
Class revtex4-1 Info: Line numbering not turned on yet on input line 78.
\openout3 = `PAPERNotes.bib'.

Class revtex4-1 Info: Overriding \@LN@LLerror on input line 78.
LaTeX Font Info:    Try loading font information for U+lasy on input line 141.

(/usr/local/texlive/2015/texmf-dist/tex/latex/base/ulasy.fd
File: ulasy.fd 1998/08/17 v2.2e LaTeX symbol font definitions
)
LaTeX Font Info:    Try loading font information for U+msa on input line 141.

(/usr/local/texlive/2015/texmf-dist/tex/latex/amsfonts/umsa.fd
File: umsa.fd 2013/01/14 v3.01 AMS symbols A
)
LaTeX Font Info:    Try loading font information for U+msb on input line 141.

(/usr/local/texlive/2015/texmf-dist/tex/latex/amsfonts/umsb.fd
File: umsb.fd 2013/01/14 v3.01 AMS symbols B
)

Class revtex4-1 Warning: Assuming \noaffiliation for authors.

[1{/usr/local/texlive/2015/texmf-var/fonts/map/pdftex/updmap/pdftex.map}pdfTeX 
warning (ext4): destination with the same identifier (name{section.1-footnote.\
\thefootnote\040}) has been already used, duplicate ignored

\AtBegShi@Output ...ipout \box \AtBeginShipoutBox 
                                                  \fi \fi 
l.174 
      pdfTeX warning (ext4): destination with the same identifier (name{section
.1-footnote.\\thefootnote\040}) has been already used, duplicate ignored

\AtBegShi@Output ...ipout \box \AtBeginShipoutBox 
                                                  \fi \fi 
l.174 
      ] [2]
LaTeX Font Info:    Try loading font information for OMS+cmr on input line 244.

 (/usr/local/texlive/2015/texmf-dist/tex/latex/base/omscmr.fd
File: omscmr.fd 2014/09/29 v2.5h Standard LaTeX font definitions
)
LaTeX Font Info:    Font shape `OMS/cmr/m/n' in size <10> not available
(Font)              Font shape `OMS/cmsy/m/n' tried instead on input line 244.

[3] [4] <plots/toy_sigloss1.pdf, id=297, 608.28194pt x 346.42862pt>
File: plots/toy_sigloss1.pdf Graphic file (type pdf)

<use plots/toy_sigloss1.pdf>
Package pdftex.def Info: plots/toy_sigloss1.pdf used on input line 382.
(pdftex.def)             Requested size: 242.26653pt x 137.97694pt.

<plots/toy_sigloss3.pdf, id=300, 412.19308pt x 290.41939pt>
File: plots/toy_sigloss3.pdf Graphic file (type pdf)

<use plots/toy_sigloss3.pdf>
Package pdftex.def Info: plots/toy_sigloss3.pdf used on input line 397.
(pdftex.def)             Requested size: 240.33635pt x 169.32968pt.

<plots/toy_sigloss4.pdf, id=302, 412.19308pt x 290.41939pt>
File: plots/toy_sigloss4.pdf Graphic file (type pdf)

<use plots/toy_sigloss4.pdf>
Package pdftex.def Info: plots/toy_sigloss4.pdf used on input line 398.
(pdftex.def)             Requested size: 240.33635pt x 169.32968pt.

<plots/toy_sigloss2.pdf, id=307, 418.21559pt x 290.41939pt>
File: plots/toy_sigloss2.pdf Graphic file (type pdf)

<use plots/toy_sigloss2.pdf>
Package pdftex.def Info: plots/toy_sigloss2.pdf used on input line 420.
(pdftex.def)             Requested size: 242.26653pt x 168.2395pt.

<plots/toy_sigloss12.pdf, id=312, 591.69806pt x 215.79997pt>
File: plots/toy_sigloss12.pdf Graphic file (type pdf)

<use plots/toy_sigloss12.pdf>
Package pdftex.def Info: plots/toy_sigloss12.pdf used on input line 442.
(pdftex.def)             Requested size: 242.26653pt x 88.35672pt.

<plots/toy_sigloss13.pdf, id=314, 608.28194pt x 355.82309pt>
File: plots/toy_sigloss13.pdf Graphic file (type pdf)

<use plots/toy_sigloss13.pdf>
Package pdftex.def Info: plots/toy_sigloss13.pdf used on input line 443.
(pdftex.def)             Requested size: 242.26653pt x 141.71861pt.
 [5 <./plots/toy_sigloss1.pdf>] [6 <./plots/toy_sigloss3.pdf> <./plots/toy_sigl
oss4.pdf> <./plots/toy_sigloss2.pdf> <./plots/toy_sigloss12.pdf> <./plots/toy_s
igloss13.pdf>]
<plots/toy_sigloss5.pdf, id=695, 608.28194pt x 346.42862pt>
File: plots/toy_sigloss5.pdf Graphic file (type pdf)

<use plots/toy_sigloss5.pdf>
Package pdftex.def Info: plots/toy_sigloss5.pdf used on input line 511.
(pdftex.def)             Requested size: 242.26653pt x 137.97694pt.

<plots/toy_sigloss15.pdf, id=696, 412.19308pt x 290.41939pt>
File: plots/toy_sigloss15.pdf Graphic file (type pdf)

<use plots/toy_sigloss15.pdf>
Package pdftex.def Info: plots/toy_sigloss15.pdf used on input line 519.
(pdftex.def)             Requested size: 225.76974pt x 159.06514pt.

<plots/toy_sigloss16.pdf, id=698, 407.72327pt x 283.7068pt>
File: plots/toy_sigloss16.pdf Graphic file (type pdf)

<use plots/toy_sigloss16.pdf>
Package pdftex.def Info: plots/toy_sigloss16.pdf used on input line 526.
(pdftex.def)             Requested size: 242.26653pt x 168.57603pt.

<plots/toy_sigloss17.pdf, id=701, 404.712pt x 276.17868pt>
File: plots/toy_sigloss17.pdf Graphic file (type pdf)

<use plots/toy_sigloss17.pdf>
Package pdftex.def Info: plots/toy_sigloss17.pdf used on input line 533.
(pdftex.def)             Requested size: 242.26653pt x 165.32498pt.

<plots/toy_sigloss7.pdf, id=704, 412.19308pt x 278.29753pt>
File: plots/toy_sigloss7.pdf Graphic file (type pdf)

<use plots/toy_sigloss7.pdf>
Package pdftex.def Info: plots/toy_sigloss7.pdf used on input line 540.
(pdftex.def)             Requested size: 242.26653pt x 163.56989pt.
 [7]

LaTeX Warning: A float is stuck (cannot be placed) on input line 557.


LaTeX Warning: A float is stuck (cannot be placed) on input line 557.


Class revtex4-1 Warning: Deferred float stuck during \clearpage processing.

[8 <./plots/toy_sigloss15.pdf> <./plots/toy_sigloss5.pdf

pdfTeX warning: pdflatex (file ./plots/toy_sigloss5.pdf): PDF inclusion: multip
le pdfs with page group included in a single page
> <./plots/toy_sigloss16.pdf

pdfTeX warning: pdflatex (file ./plots/toy_sigloss16.pdf): PDF inclusion: multi
ple pdfs with page group included in a single page
> <./plots/toy_sigloss17.pdf

pdfTeX warning: pdflatex (file ./plots/toy_sigloss17.pdf): PDF inclusion: multi
ple pdfs with page group included in a single page
>]

LaTeX Warning: A float is stuck (cannot be placed) on input line 573.


LaTeX Warning: A float is stuck (cannot be placed) on input line 573.


Class revtex4-1 Warning: Deferred float stuck during \clearpage processing.

<plots/toy_sigloss10.pdf, id=946, 412.19308pt x 290.41939pt>
File: plots/toy_sigloss10.pdf Graphic file (type pdf)

<use plots/toy_sigloss10.pdf>
Package pdftex.def Info: plots/toy_sigloss10.pdf used on input line 576.
(pdftex.def)             Requested size: 218.48643pt x 153.93678pt.

<plots/toy_sigloss8.pdf, id=948, 412.19308pt x 290.41939pt>
File: plots/toy_sigloss8.pdf Graphic file (type pdf)

<use plots/toy_sigloss8.pdf>
Package pdftex.def Info: plots/toy_sigloss8.pdf used on input line 577.
(pdftex.def)             Requested size: 218.48643pt x 153.93678pt.

<plots/toy_sigloss9.pdf, id=950, 412.19308pt x 290.41939pt>
File: plots/toy_sigloss9.pdf Graphic file (type pdf)

<use plots/toy_sigloss9.pdf>
Package pdftex.def Info: plots/toy_sigloss9.pdf used on input line 578.
(pdftex.def)             Requested size: 218.48643pt x 153.93678pt.

<plots/toy_sigloss11.pdf, id=952, 412.19308pt x 290.41939pt>
File: plots/toy_sigloss11.pdf Graphic file (type pdf)

<use plots/toy_sigloss11.pdf>
Package pdftex.def Info: plots/toy_sigloss11.pdf used on input line 579.
(pdftex.def)             Requested size: 218.48643pt x 153.93678pt.

<plots/toy_sigloss14.pdf, id=954, 412.19308pt x 290.41939pt>
File: plots/toy_sigloss14.pdf Graphic file (type pdf)

<use plots/toy_sigloss14.pdf>
Package pdftex.def Info: plots/toy_sigloss14.pdf used on input line 590.
(pdftex.def)             Requested size: 242.26653pt x 170.69452pt.
 [9 <./plots/toy_sigloss7.pdf>]
Underfull \hbox (badness 1478) in paragraph at lines 638--641
[]\OT1/cmr/m/n/10 For PA-PER's anal-y-sis, we choose a data-driven
 []

[10 <./plots/toy_sigloss10.pdf> <./plots/toy_sigloss8.pdf> <./plots/toy_sigloss
9.pdf> <./plots/toy_sigloss11.pdf> <./plots/toy_sigloss14.pdf>]
<plots/toy_error1.pdf, id=1274, 403.72235pt x 281.84203pt>
File: plots/toy_error1.pdf Graphic file (type pdf)

<use plots/toy_error1.pdf>
Package pdftex.def Info: plots/toy_error1.pdf used on input line 695.
(pdftex.def)             Requested size: 242.26653pt x 169.128pt.
 [11]

LaTeX Warning: A float is stuck (cannot be placed) on input line 734.


LaTeX Warning: A float is stuck (cannot be placed) on input line 734.


Class revtex4-1 Warning: Deferred float stuck during \clearpage processing.

[12 <./plots/toy_error1.pdf>]
<plots/toy_bias1.pdf, id=1451, 408.17809pt x 278.29753pt>
File: plots/toy_bias1.pdf Graphic file (type pdf)

<use plots/toy_bias1.pdf>
Package pdftex.def Info: plots/toy_bias1.pdf used on input line 845.
(pdftex.def)             Requested size: 242.26653pt x 165.17929pt.

<plots/toy_bias2.pdf, id=1452, 408.17809pt x 278.29753pt>
File: plots/toy_bias2.pdf Graphic file (type pdf)

<use plots/toy_bias2.pdf>
Package pdftex.def Info: plots/toy_bias2.pdf used on input line 854.
(pdftex.def)             Requested size: 242.26653pt x 165.17929pt.
 [13]

LaTeX Warning: A float is stuck (cannot be placed) on input line 870.


LaTeX Warning: A float is stuck (cannot be placed) on input line 870.


Class revtex4-1 Warning: Deferred float stuck during \clearpage processing.

<plots/ant_layout_aspect.pdf, id=1475, 578.16pt x 433.62pt>
File: plots/ant_layout_aspect.pdf Graphic file (type pdf)

<use plots/ant_layout_aspect.pdf>
Package pdftex.def Info: plots/ant_layout_aspect.pdf used on input line 895.
(pdftex.def)             Requested size: 242.26653pt x 110.16196pt.
 [14 <./plots/toy_bias1.pdf> <./plots/toy_bias2.pdf

pdfTeX warning: pdflatex (file ./plots/toy_bias2.pdf): PDF inclusion: multiple 
pdfs with page group included in a single page
> <./plots/ant_layout_aspect.pdf

pdfTeX warning: pdflatex (file ./plots/ant_layout_aspect.pdf): PDF inclusion: m
ultiple pdfs with page group included in a single page
>] <plots/frp.pdf, id=1655, 498.216pt x 353.21333pt>
File: plots/frp.pdf Graphic file (type pdf)
 <use plots/frp.pdf>
Package pdftex.def Info: plots/frp.pdf used on input line 924.
(pdftex.def)             Requested size: 242.26653pt x 171.75558pt.

[15 <./plots/frp.pdf>]
<plots/sigloss_terms.pdf, id=1725, 1011.78pt x 578.16pt>
File: plots/sigloss_terms.pdf Graphic file (type pdf)

<use plots/sigloss_terms.pdf>
Package pdftex.def Info: plots/sigloss_terms.pdf used on input line 1094.
(pdftex.def)             Requested size: 513.11743pt x 293.2168pt.
 [16] [17 <./plots/sigloss_terms.pdf>]
<plots/sigloss_transfercurve_posneg.pdf, id=1845, 867.24pt x 433.62pt>
File: plots/sigloss_transfercurve_posneg.pdf Graphic file (type pdf)

<use plots/sigloss_transfercurve_posneg.pdf>
Package pdftex.def Info: plots/sigloss_transfercurve_posneg.pdf used on input l
ine 1235.
(pdftex.def)             Requested size: 513.11743pt x 256.56801pt.

<plots/ps1_data.pdf, id=1853, 361.35pt x 433.62pt>
File: plots/ps1_data.pdf Graphic file (type pdf)
 <use plots/ps1_data.pdf>
Package pdftex.def Info: plots/ps1_data.pdf used on input line 1264.
(pdftex.def)             Requested size: 205.24384pt x 246.29259pt.

<plots/ps2_data.pdf, id=1854, 361.35pt x 433.62pt>
File: plots/ps2_data.pdf Graphic file (type pdf)
 <use plots/ps2_data.pdf>
Package pdftex.def Info: plots/ps2_data.pdf used on input line 1265.
(pdftex.def)             Requested size: 205.24384pt x 246.29259pt.

[18] [19 <./plots/sigloss_transfercurve_posneg.pdf> <./plots/ps1_data.pdf

pdfTeX warning: pdflatex (file ./plots/ps1_data.pdf): PDF inclusion: multiple p
dfs with page group included in a single page
> <./plots/ps2_data.pdf

pdfTeX warning: pdflatex (file ./plots/ps2_data.pdf): PDF inclusion: multiple p
dfs with page group included in a single page
>] <plots/sigloss_modeloop_2panel.pdf, id=2110, 578.16pt x 610.68152pt>
File: plots/sigloss_modeloop_2panel.pdf Graphic file (type pdf)

<use plots/sigloss_modeloop_2panel.pdf>
Package pdftex.def Info: plots/sigloss_modeloop_2panel.pdf used on input line 1
299.
(pdftex.def)             Requested size: 513.11743pt x 542.00462pt.

<plots/ps1_data_add.pdf, id=2114, 361.35pt x 433.62pt>
File: plots/ps1_data_add.pdf Graphic file (type pdf)

<use plots/ps1_data_add.pdf>
Package pdftex.def Info: plots/ps1_data_add.pdf used on input line 1323.
(pdftex.def)             Requested size: 205.24384pt x 246.29259pt.

<plots/ps2_data_add.pdf, id=2115, 361.35pt x 433.62pt>
File: plots/ps2_data_add.pdf Graphic file (type pdf)

<use plots/ps2_data_add.pdf>
Package pdftex.def Info: plots/ps2_data_add.pdf used on input line 1324.
(pdftex.def)             Requested size: 205.24384pt x 246.29259pt.
 [20] [21 <./plots/sigloss_modeloop_2panel.pdf>]

LaTeX Warning: A float is stuck (cannot be placed) on input line 1344.

[22 <./plots/ps1_data_add.pdf> <./plots/ps2_data_add.pdf

pdfTeX warning: pdflatex (file ./plots/ps2_data_add.pdf): PDF inclusion: multip
le pdfs with page group included in a single page
>] [23]
Underfull \hbox (badness 2582) in paragraph at lines 1430--1435
 \OT1/cmr/m/n/10 the num-ber of base-lines en-ter-ing the group
 []

<plots/sense_check.pdf, id=2392, 299.71976pt x 347.88719pt>
File: plots/sense_check.pdf Graphic file (type pdf)

<use plots/sense_check.pdf>
Package pdftex.def Info: plots/sense_check.pdf used on input line 1445.
(pdftex.def)             Requested size: 242.26653pt x 281.19785pt.
 [24 <./plots/sense_check.pdf>]
<plots/ps1_noise_add.pdf, id=2476, 361.35pt x 433.62pt>
File: plots/ps1_noise_add.pdf Graphic file (type pdf)

<use plots/ps1_noise_add.pdf>
Package pdftex.def Info: plots/ps1_noise_add.pdf used on input line 1476.
(pdftex.def)             Requested size: 205.24384pt x 246.29259pt.

<plots/ps2_noise_add.pdf, id=2477, 361.35pt x 433.62pt>
File: plots/ps2_noise_add.pdf Graphic file (type pdf)

<use plots/ps2_noise_add.pdf>
Package pdftex.def Info: plots/ps2_noise_add.pdf used on input line 1477.
(pdftex.def)             Requested size: 205.24384pt x 246.29259pt.

<plots/noise_errors.pdf, id=2486, 578.16pt x 433.62pt>
File: plots/noise_errors.pdf Graphic file (type pdf)

<use plots/noise_errors.pdf>
Package pdftex.def Info: plots/noise_errors.pdf used on input line 1517.
(pdftex.def)             Requested size: 242.26653pt x 183.54149pt.
 [25] [26 <./plots/ps1_noise_add.pdf> <./plots/ps2_noise_add.pdf

pdfTeX warning: pdflatex (file ./plots/ps2_noise_add.pdf): PDF inclusion: multi
ple pdfs with page group included in a single page
> <./plots/noise_errors.pdf

pdfTeX warning: pdflatex (file ./plots/noise_errors.pdf): PDF inclusion: multip
le pdfs with page group included in a single page
>] <plots/null_bls.pdf, id=2701, 578.16pt x 433.62pt>
File: plots/null_bls.pdf Graphic file (type pdf)
 <use plots/null_bls.pdf>
Package pdftex.def Info: plots/null_bls.pdf used on input line 1608.
(pdftex.def)             Requested size: 241.16582pt x 180.86864pt.

<plots/null_lsts.pdf, id=2702, 578.16pt x 433.62pt>
File: plots/null_lsts.pdf Graphic file (type pdf)
 <use plots/null_lsts.pdf>
Package pdftex.def Info: plots/null_lsts.pdf used on input line 1609.
(pdftex.def)             Requested size: 241.16582pt x 180.86864pt.

<plots/null_eo.pdf, id=2703, 578.16pt x 433.62pt>
File: plots/null_eo.pdf Graphic file (type pdf)
 <use plots/null_eo.pdf>
Package pdftex.def Info: plots/null_eo.pdf used on input line 1610.
(pdftex.def)             Requested size: 241.16582pt x 180.86864pt.

[27] [28 <./plots/null_bls.pdf> <./plots/null_lsts.pdf

pdfTeX warning: pdflatex (file ./plots/null_lsts.pdf): PDF inclusion: multiple 
pdfs with page group included in a single page
> <./plots/null_eo.pdf

pdfTeX warning: pdflatex (file ./plots/null_eo.pdf): PDF inclusion: multiple pd
fs with page group included in a single page
>]

LaTeX Warning: Reference `eq:QuadraticEstimator' on page 29 undefined on input 
line 1720.

[29]

LaTeX Warning: Reference `sec:' on page 30 undefined on input line 1754.

pdfTeX warning (ext4): destination with the same identifier (name{appendix.A}) 
has been already used, duplicate ignored
<to be read again> 
                   \relax 
l.1776 \section{A toy model for signal loss}
                                             [30pdfTeX warning (ext4): destinat
ion with the same identifier (name{equation.A.1}) has been already used, duplic
ate ignored

\AtBegShi@Output ...ipout \box \AtBeginShipoutBox 
                                                  \fi \fi 
l.1807 
       pdfTeX warning (ext4): destination with the same identifier (name{equati
on.A.2}) has been already used, duplicate ignored

\AtBegShi@Output ...ipout \box \AtBeginShipoutBox 
                                                  \fi \fi 
l.1807 
       pdfTeX warning (ext4): destination with the same identifier (name{equati
on.A.3}) has been already used, duplicate ignored

\AtBegShi@Output ...ipout \box \AtBeginShipoutBox 
                                                  \fi \fi 
l.1807 
       pdfTeX warning (ext4): destination with the same identifier (name{equati
on.A.4}) has been already used, duplicate ignored

\AtBegShi@Output ...ipout \box \AtBeginShipoutBox 
                                                  \fi \fi 
l.1807 
       pdfTeX warning (ext4): destination with the same identifier (name{equati
on.A.5}) has been already used, duplicate ignored

\AtBegShi@Output ...ipout \box \AtBeginShipoutBox 
                                                  \fi \fi 
l.1807 
       ]pdfTeX warning (ext4): destination with the same identifier (name{equat
ion.A.6}) has been already used, duplicate ignored
<to be read again> 
                   \relax 
l.1809 \begin{equation}
                       pdfTeX warning (ext4): destination with the same identif
ier (name{equation.A.7}) has been already used, duplicate ignored
<to be read again> 
                   \relax 
l.1813 \begin{equation}
                        Excluding 'comment' comment. (./PAPER.bbl [31])
[32]
Package atveryend Info: Empty hook `AfterLastShipout' on input line 1910.
 (./PAPER.aux)
Package atveryend Info: Executing hook `AtVeryEndDocument' on input line 1910.
Package atveryend Info: Empty hook `AtEndAfterFileList' on input line 1910.


LaTeX Warning: There were undefined references.

 ) 
Here is how much of TeX's memory you used:
 16850 strings out of 493089
 280589 string characters out of 6134842
 452484 words of memory out of 5000000
 19908 multiletter control sequences out of 15000+600000
 14973 words of font info for 59 fonts, out of 8000000 for 9000
 1141 hyphenation exceptions out of 8191
 38i,11n,53p,10370b,563s stack positions out of 5000i,500n,10000p,200000b,80000s
</usr/local/texlive/2015/texmf-dist/fonts/type1/public/amsfonts/cm/cmbx10.pfb
></usr/local/texlive/2015/texmf-dist/fonts/type1/public/amsfonts/cm/cmbx7.pfb><
/usr/local/texlive/2015/texmf-dist/fonts/type1/public/amsfonts/cm/cmbx8.pfb></u
sr/local/texlive/2015/texmf-dist/fonts/type1/public/amsfonts/cm/cmbx9.pfb></usr
/local/texlive/2015/texmf-dist/fonts/type1/public/amsfonts/cm/cmcsc10.pfb></usr
/local/texlive/2015/texmf-dist/fonts/type1/public/amsfonts/cm/cmex10.pfb></usr/
local/texlive/2015/texmf-dist/fonts/type1/public/amsfonts/cmextra/cmex9.pfb></u
sr/local/texlive/2015/texmf-dist/fonts/type1/public/amsfonts/cm/cmmi10.pfb></us
r/local/texlive/2015/texmf-dist/fonts/type1/public/amsfonts/cm/cmmi5.pfb></usr/
local/texlive/2015/texmf-dist/fonts/type1/public/amsfonts/cm/cmmi6.pfb></usr/lo
cal/texlive/2015/texmf-dist/fonts/type1/public/amsfonts/cm/cmmi7.pfb></usr/loca
l/texlive/2015/texmf-dist/fonts/type1/public/amsfonts/cm/cmmi9.pfb></usr/local/
texlive/2015/texmf-dist/fonts/type1/public/amsfonts/cm/cmr10.pfb></usr/local/te
xlive/2015/texmf-dist/fonts/type1/public/amsfonts/cm/cmr5.pfb></usr/local/texli
ve/2015/texmf-dist/fonts/type1/public/amsfonts/cm/cmr6.pfb></usr/local/texlive/
2015/texmf-dist/fonts/type1/public/amsfonts/cm/cmr7.pfb></usr/local/texlive/201
5/texmf-dist/fonts/type1/public/amsfonts/cm/cmr8.pfb></usr/local/texlive/2015/t
exmf-dist/fonts/type1/public/amsfonts/cm/cmr9.pfb></usr/local/texlive/2015/texm
f-dist/fonts/type1/public/amsfonts/cm/cmsy10.pfb></usr/local/texlive/2015/texmf
-dist/fonts/type1/public/amsfonts/cm/cmsy6.pfb></usr/local/texlive/2015/texmf-d
ist/fonts/type1/public/amsfonts/cm/cmsy7.pfb></usr/local/texlive/2015/texmf-dis
t/fonts/type1/public/amsfonts/cm/cmsy9.pfb></usr/local/texlive/2015/texmf-dist/
fonts/type1/public/amsfonts/cm/cmti10.pfb></usr/local/texlive/2015/texmf-dist/f
onts/type1/public/amsfonts/cm/cmti9.pfb>
Output written on PAPER.pdf (32 pages, 2484961 bytes).
PDF statistics:
 3088 PDF objects out of 3580 (max. 8388607)
 1480 compressed objects within 15 object streams
 222 named destinations out of 1000 (max. 500000)
 254 words of extra memory for PDF output out of 10000 (max. 10000000)

